<?xml version="1.0" encoding="UTF-8"?>
<testng-results ignored="0" total="2" passed="2" failed="0" skipped="0">
  <reporter-output>
  </reporter-output>
  <suite started-at="2019-10-13T23:17:20Z" name="Default suite" finished-at="2019-10-13T23:18:42Z" duration-ms="81781">
    <groups>
    </groups>
    <test started-at="2019-10-13T23:17:20Z" name="Default test" finished-at="2019-10-13T23:18:42Z" duration-ms="81781">
      <class name="com.qa.testcases.ExpediaPageTest">
        <test-method is-config="true" signature="setUp()[pri:0, instance:com.qa.testcases.ExpediaPageTest@291caca8]" started-at="2019-10-13T23:17:20Z" name="setUp" finished-at="2019-10-13T23:17:41Z" duration-ms="21655" status="PASS">
          <reporter-output>
          </reporter-output>
        </test-method> <!-- setUp -->
        <test-method signature="verifyNonStopFlyights()[pri:0, instance:com.qa.testcases.ExpediaPageTest@291caca8]" started-at="2019-10-13T23:17:41Z" name="verifyNonStopFlyights" finished-at="2019-10-13T23:18:20Z" duration-ms="38779" status="PASS">
          <reporter-output>
          </reporter-output>
        </test-method> <!-- verifyNonStopFlyights -->
        <test-method is-config="true" signature="tearDown()[pri:0, instance:com.qa.testcases.ExpediaPageTest@291caca8]" started-at="2019-10-13T23:18:20Z" name="tearDown" finished-at="2019-10-13T23:18:22Z" duration-ms="1491" status="PASS">
          <reporter-output>
          </reporter-output>
        </test-method> <!-- tearDown -->
        <test-method is-config="true" signature="setUp()[pri:0, instance:com.qa.testcases.ExpediaPageTest@291caca8]" started-at="2019-10-13T23:18:22Z" name="setUp" finished-at="2019-10-13T23:18:40Z" duration-ms="18509" status="PASS">
          <reporter-output>
          </reporter-output>
        </test-method> <!-- setUp -->
        <test-method signature="verifyTitle()[pri:0, instance:com.qa.testcases.ExpediaPageTest@291caca8]" started-at="2019-10-13T23:18:40Z" name="verifyTitle" finished-at="2019-10-13T23:18:40Z" duration-ms="161" status="PASS">
          <reporter-output>
          </reporter-output>
        </test-method> <!-- verifyTitle -->
        <test-method is-config="true" signature="tearDown()[pri:0, instance:com.qa.testcases.ExpediaPageTest@291caca8]" started-at="2019-10-13T23:18:40Z" name="tearDown" finished-at="2019-10-13T23:18:42Z" duration-ms="1106" status="PASS">
          <reporter-output>
          </reporter-output>
        </test-method> <!-- tearDown -->
      </class> <!-- com.qa.testcases.ExpediaPageTest -->
    </test> <!-- Default test -->
  </suite> <!-- Default suite -->
</testng-results>
